{"name": "Checking clicks of different types", "status": "broken", "statusDetails": {"message": "selenium.common.exceptions.TimeoutException: Message: \nStacktrace:\nBacktrace:\n\tOrdinal0 [0x011FACD3+2075859]\n\tOrdinal0 [0x0118EE61+1633889]\n\tOrdinal0 [0x0108B7BD+571325]\n\tOrdinal0 [0x010BAC2F+764975]\n\tOrdinal0 [0x010BAE1B+765467]\n\tOrdinal0 [0x010ED0F2+970994]\n\tOrdinal0 [0x010D7364+881508]\n\tOrdinal0 [0x010EB56A+963946]\n\tOrdinal0 [0x010D7136+880950]\n\tOrdinal0 [0x010AFEFD+720637]\n\tOrdinal0 [0x010B0F3F+724799]\n\tGetHandleVerifier [0x014AEED2+2769538]\n\tGetHandleVerifier [0x014A0D95+2711877]\n\tGetHandleVerifier [0x0128A03A+521194]\n\tGetHandleVerifier [0x01288DA0+516432]\n\tOrdinal0 [0x0119682C+1665068]\n\tOrdinal0 [0x0119B128+1683752]\n\tOrdinal0 [0x0119B215+1683989]\n\tOrdinal0 [0x011A6484+1729668]\n\tBaseThreadInitThunk [0x75D2FA29+25]\n\tRtlGetAppContainerNamedObjectPath [0x777F7BBE+286]\n\tRtlGetAppContainerNamedObjectPath [0x777F7B8E+238]", "trace": "self = <elements_test.TestElements.TestButtonsPage object at 0x000001D949D23C70>, driver = <selenium.webdriver.chrome.webdriver.WebDriver (session=\"b7cb451c5cbba3b7390f40e8fc2ba2d1\")>\n\n    @allure.title('Checking clicks of different types')\n    def test_different_click_on_the_buttons(self, driver):\n        button_page = ButtonsPage(driver, 'https://demoqa.com/buttons')\n        button_page.open()\n>       double = button_page.click_on_different_button('double')\n\ntests\\elements_test.py:104: \n_ _ _ _ _ _ _ _ _ _ _ _ _ _ _ _ _ _ _ _ _ _ _ _ _ _ _ _ _ _ _ _ _ _ _ _ _ _ _ _ _ _ _ _ _ _ _ _ _ _ _ _ _ _ _ _ _ _ _ _ _ _ _ _ _ _ _ _ _ _ _ _ _ _ _ _ _ _ _ _ _ _ _ _ _ _ _ _ _ _ _ _ _\npages\\elements_page.py:185: in click_on_different_button\n    return self.check_clicked_on_the_button(self.locators.SUCCESS_DOUBLE)\npages\\elements_page.py:195: in check_clicked_on_the_button\n    return self.element_is_present(element).text\npages\\base_page.py:28: in element_is_present\n    return wait(self.driver, timeout).until(EC.presence_of_element_located(locator))\n_ _ _ _ _ _ _ _ _ _ _ _ _ _ _ _ _ _ _ _ _ _ _ _ _ _ _ _ _ _ _ _ _ _ _ _ _ _ _ _ _ _ _ _ _ _ _ _ _ _ _ _ _ _ _ _ _ _ _ _ _ _ _ _ _ _ _ _ _ _ _ _ _ _ _ _ _ _ _ _ _ _ _ _ _ _ _ _ _ _ _ _ _\n\nself = <selenium.webdriver.support.wait.WebDriverWait (session=\"b7cb451c5cbba3b7390f40e8fc2ba2d1\")>\nmethod = <function presence_of_element_located.<locals>._predicate at 0x000001D94A651D80>, message = ''\n\n    def until(self, method, message=''):\n        \"\"\"Calls the method provided with the driver as an argument until the \\\n        return value does not evaluate to ``False``.\n    \n        :param method: callable(WebDriver)\n        :param message: optional message for :exc:`TimeoutException`\n        :returns: the result of the last call to `method`\n        :raises: :exc:`selenium.common.exceptions.TimeoutException` if timeout occurs\n        \"\"\"\n        screen = None\n        stacktrace = None\n    \n        end_time = time.time() + self._timeout\n        while True:\n            try:\n                value = method(self._driver)\n                if value:\n                    return value\n            except InvalidSelectorException as e:\n                raise e\n            except self._ignored_exceptions as exc:\n                screen = getattr(exc, 'screen', None)\n                stacktrace = getattr(exc, 'stacktrace', None)\n            time.sleep(self._poll)\n            if time.time() > end_time:\n                break\n>       raise TimeoutException(message, screen, stacktrace)\nE       selenium.common.exceptions.TimeoutException: Message: \nE       Stacktrace:\nE       Backtrace:\nE       \tOrdinal0 [0x011FACD3+2075859]\nE       \tOrdinal0 [0x0118EE61+1633889]\nE       \tOrdinal0 [0x0108B7BD+571325]\nE       \tOrdinal0 [0x010BAC2F+764975]\nE       \tOrdinal0 [0x010BAE1B+765467]\nE       \tOrdinal0 [0x010ED0F2+970994]\nE       \tOrdinal0 [0x010D7364+881508]\nE       \tOrdinal0 [0x010EB56A+963946]\nE       \tOrdinal0 [0x010D7136+880950]\nE       \tOrdinal0 [0x010AFEFD+720637]\nE       \tOrdinal0 [0x010B0F3F+724799]\nE       \tGetHandleVerifier [0x014AEED2+2769538]\nE       \tGetHandleVerifier [0x014A0D95+2711877]\nE       \tGetHandleVerifier [0x0128A03A+521194]\nE       \tGetHandleVerifier [0x01288DA0+516432]\nE       \tOrdinal0 [0x0119682C+1665068]\nE       \tOrdinal0 [0x0119B128+1683752]\nE       \tOrdinal0 [0x0119B215+1683989]\nE       \tOrdinal0 [0x011A6484+1729668]\nE       \tBaseThreadInitThunk [0x75D2FA29+25]\nE       \tRtlGetAppContainerNamedObjectPath [0x777F7BBE+286]\nE       \tRtlGetAppContainerNamedObjectPath [0x777F7B8E+238]\n\nvenv\\lib\\site-packages\\selenium\\webdriver\\support\\wait.py:89: TimeoutException"}, "steps": [{"name": "Open a browser", "status": "passed", "start": 1668000077037, "stop": 1668000079674}, {"name": "click on different  buttons", "status": "broken", "statusDetails": {"message": "selenium.common.exceptions.TimeoutException: Message: \nStacktrace:\nBacktrace:\n\tOrdinal0 [0x011FACD3+2075859]\n\tOrdinal0 [0x0118EE61+1633889]\n\tOrdinal0 [0x0108B7BD+571325]\n\tOrdinal0 [0x010BAC2F+764975]\n\tOrdinal0 [0x010BAE1B+765467]\n\tOrdinal0 [0x010ED0F2+970994]\n\tOrdinal0 [0x010D7364+881508]\n\tOrdinal0 [0x010EB56A+963946]\n\tOrdinal0 [0x010D7136+880950]\n\tOrdinal0 [0x010AFEFD+720637]\n\tOrdinal0 [0x010B0F3F+724799]\n\tGetHandleVerifier [0x014AEED2+2769538]\n\tGetHandleVerifier [0x014A0D95+2711877]\n\tGetHandleVerifier [0x0128A03A+521194]\n\tGetHandleVerifier [0x01288DA0+516432]\n\tOrdinal0 [0x0119682C+1665068]\n\tOrdinal0 [0x0119B128+1683752]\n\tOrdinal0 [0x0119B215+1683989]\n\tOrdinal0 [0x011A6484+1729668]\n\tBaseThreadInitThunk [0x75D2FA29+25]\n\tRtlGetAppContainerNamedObjectPath [0x777F7BBE+286]\n\tRtlGetAppContainerNamedObjectPath [0x777F7B8E+238]\n\n", "trace": "  File \"F:\\PycharmProjects\\TestProject\\venv\\lib\\site-packages\\allure_commons\\_allure.py\", line 172, in impl\n    return func(*a, **kw)\n  File \"F:\\PycharmProjects\\TestProject\\pages\\elements_page.py\", line 185, in click_on_different_button\n    return self.check_clicked_on_the_button(self.locators.SUCCESS_DOUBLE)\n  File \"F:\\PycharmProjects\\TestProject\\venv\\lib\\site-packages\\allure_commons\\_allure.py\", line 172, in impl\n    return func(*a, **kw)\n  File \"F:\\PycharmProjects\\TestProject\\pages\\elements_page.py\", line 195, in check_clicked_on_the_button\n    return self.element_is_present(element).text\n  File \"F:\\PycharmProjects\\TestProject\\venv\\lib\\site-packages\\allure_commons\\_allure.py\", line 172, in impl\n    return func(*a, **kw)\n  File \"F:\\PycharmProjects\\TestProject\\pages\\base_page.py\", line 28, in element_is_present\n    return wait(self.driver, timeout).until(EC.presence_of_element_located(locator))\n  File \"F:\\PycharmProjects\\TestProject\\venv\\lib\\site-packages\\selenium\\webdriver\\support\\wait.py\", line 89, in until\n    raise TimeoutException(message, screen, stacktrace)\n"}, "steps": [{"name": "Find a visible element", "status": "passed", "steps": [{"name": "Find a present element", "status": "passed", "parameters": [{"name": "locator", "value": "('css selector', \"button[id='doubleClickBtn']\")"}, {"name": "timeout", "value": "5"}], "start": 1668000079674, "stop": 1668000079683}, {"name": "Go to specified element", "status": "passed", "parameters": [{"name": "element", "value": "<selenium.webdriver.remote.webelement.WebElement (session=\"b7cb451c5cbba3b7390f40e8fc2ba2d1\", element=\"d6e42e0d-9caf-4ee2-8dde-5a425f57efce\")>"}], "start": 1668000079684, "stop": 1668000079688}], "parameters": [{"name": "locator", "value": "('css selector', \"button[id='doubleClickBtn']\")"}, {"name": "timeout", "value": "5"}], "start": 1668000079674, "stop": 1668000079707}, {"name": "Double click", "status": "passed", "parameters": [{"name": "element", "value": "<selenium.webdriver.remote.webelement.WebElement (session=\"b7cb451c5cbba3b7390f40e8fc2ba2d1\", element=\"d6e42e0d-9caf-4ee2-8dde-5a425f57efce\")>"}], "start": 1668000079708, "stop": 1668000080354}, {"name": "check clicked button", "status": "broken", "statusDetails": {"message": "selenium.common.exceptions.TimeoutException: Message: \nStacktrace:\nBacktrace:\n\tOrdinal0 [0x011FACD3+2075859]\n\tOrdinal0 [0x0118EE61+1633889]\n\tOrdinal0 [0x0108B7BD+571325]\n\tOrdinal0 [0x010BAC2F+764975]\n\tOrdinal0 [0x010BAE1B+765467]\n\tOrdinal0 [0x010ED0F2+970994]\n\tOrdinal0 [0x010D7364+881508]\n\tOrdinal0 [0x010EB56A+963946]\n\tOrdinal0 [0x010D7136+880950]\n\tOrdinal0 [0x010AFEFD+720637]\n\tOrdinal0 [0x010B0F3F+724799]\n\tGetHandleVerifier [0x014AEED2+2769538]\n\tGetHandleVerifier [0x014A0D95+2711877]\n\tGetHandleVerifier [0x0128A03A+521194]\n\tGetHandleVerifier [0x01288DA0+516432]\n\tOrdinal0 [0x0119682C+1665068]\n\tOrdinal0 [0x0119B128+1683752]\n\tOrdinal0 [0x0119B215+1683989]\n\tOrdinal0 [0x011A6484+1729668]\n\tBaseThreadInitThunk [0x75D2FA29+25]\n\tRtlGetAppContainerNamedObjectPath [0x777F7BBE+286]\n\tRtlGetAppContainerNamedObjectPath [0x777F7B8E+238]\n\n", "trace": "  File \"F:\\PycharmProjects\\TestProject\\venv\\lib\\site-packages\\allure_commons\\_allure.py\", line 172, in impl\n    return func(*a, **kw)\n  File \"F:\\PycharmProjects\\TestProject\\pages\\elements_page.py\", line 195, in check_clicked_on_the_button\n    return self.element_is_present(element).text\n  File \"F:\\PycharmProjects\\TestProject\\venv\\lib\\site-packages\\allure_commons\\_allure.py\", line 172, in impl\n    return func(*a, **kw)\n  File \"F:\\PycharmProjects\\TestProject\\pages\\base_page.py\", line 28, in element_is_present\n    return wait(self.driver, timeout).until(EC.presence_of_element_located(locator))\n  File \"F:\\PycharmProjects\\TestProject\\venv\\lib\\site-packages\\selenium\\webdriver\\support\\wait.py\", line 89, in until\n    raise TimeoutException(message, screen, stacktrace)\n"}, "steps": [{"name": "Find a present element", "status": "broken", "statusDetails": {"message": "selenium.common.exceptions.TimeoutException: Message: \nStacktrace:\nBacktrace:\n\tOrdinal0 [0x011FACD3+2075859]\n\tOrdinal0 [0x0118EE61+1633889]\n\tOrdinal0 [0x0108B7BD+571325]\n\tOrdinal0 [0x010BAC2F+764975]\n\tOrdinal0 [0x010BAE1B+765467]\n\tOrdinal0 [0x010ED0F2+970994]\n\tOrdinal0 [0x010D7364+881508]\n\tOrdinal0 [0x010EB56A+963946]\n\tOrdinal0 [0x010D7136+880950]\n\tOrdinal0 [0x010AFEFD+720637]\n\tOrdinal0 [0x010B0F3F+724799]\n\tGetHandleVerifier [0x014AEED2+2769538]\n\tGetHandleVerifier [0x014A0D95+2711877]\n\tGetHandleVerifier [0x0128A03A+521194]\n\tGetHandleVerifier [0x01288DA0+516432]\n\tOrdinal0 [0x0119682C+1665068]\n\tOrdinal0 [0x0119B128+1683752]\n\tOrdinal0 [0x0119B215+1683989]\n\tOrdinal0 [0x011A6484+1729668]\n\tBaseThreadInitThunk [0x75D2FA29+25]\n\tRtlGetAppContainerNamedObjectPath [0x777F7BBE+286]\n\tRtlGetAppContainerNamedObjectPath [0x777F7B8E+238]\n\n", "trace": "  File \"F:\\PycharmProjects\\TestProject\\venv\\lib\\site-packages\\allure_commons\\_allure.py\", line 172, in impl\n    return func(*a, **kw)\n  File \"F:\\PycharmProjects\\TestProject\\pages\\base_page.py\", line 28, in element_is_present\n    return wait(self.driver, timeout).until(EC.presence_of_element_located(locator))\n  File \"F:\\PycharmProjects\\TestProject\\venv\\lib\\site-packages\\selenium\\webdriver\\support\\wait.py\", line 89, in until\n    raise TimeoutException(message, screen, stacktrace)\n"}, "parameters": [{"name": "locator", "value": "('css selector', 'p[id=\"doubleClickMessage\"]')"}, {"name": "timeout", "value": "5"}], "start": 1668000080355, "stop": 1668000085431}], "parameters": [{"name": "element", "value": "('css selector', 'p[id=\"doubleClickMessage\"]')"}], "start": 1668000080355, "stop": 1668000085431}], "parameters": [{"name": "type_click", "value": "'double'"}], "start": 1668000079674, "stop": 1668000085431}], "attachments": [{"name": "log", "source": "53c5c1f5-1ebb-4168-928c-35f04321649a-attachment.txt", "type": "text/plain"}, {"name": "stderr", "source": "cd6766ba-4359-487a-b7f6-89eda3fa4115-attachment.txt", "type": "text/plain"}], "start": 1668000077037, "stop": 1668000085432, "uuid": "03af3c7a-4c7b-47f5-bb79-86a41edb01b9", "historyId": "b06cf836ac1860729b15bc41170c607b", "testCaseId": "959e417d821402d517f4a2e0c8d0a928", "fullName": "tests.elements_test.TestElements#test_different_click_on_the_buttons", "labels": [{"name": "suite", "value": "Elements"}, {"name": "feature", "value": "Buttons page"}, {"name": "parentSuite", "value": "tests"}, {"name": "subSuite", "value": "TestElements"}, {"name": "host", "value": "DESKTOP-VRBABFF"}, {"name": "thread", "value": "36796-MainThread"}, {"name": "framework", "value": "pytest"}, {"name": "language", "value": "cpython3"}, {"name": "package", "value": "tests.elements_test"}]}