{"name": "Check appear button", "status": "failed", "statusDetails": {"message": "AssertionError: button did not appear after 5 second\nassert False is True", "trace": "self = <elements_test.TestElements.TestDynamicPropertiesPage object at 0x000001D949D44490>\ndriver = <selenium.webdriver.chrome.webdriver.WebDriver (session=\"0ab827ddd20042dabe02a72ad1fd3cff\")>\n\n    @allure.title('Check appear button')\n    def test_appear_button(self, driver):\n        dynamic_properties_page = DynamicPropertiesPage(driver, 'https://demoqa.com/dynamic-properties')\n        dynamic_properties_page.open()\n        appear = dynamic_properties_page.check_appear_of_button()\n>       assert appear is True, 'button did not appear after 5 second'\nE       AssertionError: button did not appear after 5 second\nE       assert False is True\n\ntests\\elements_test.py:157: AssertionError"}, "steps": [{"name": "Open a browser", "status": "passed", "start": 1668000128580, "stop": 1668000131798}, {"name": "check appear of button", "status": "passed", "steps": [{"name": "Find a visible element", "status": "broken", "statusDetails": {"message": "selenium.common.exceptions.TimeoutException: Message: \nStacktrace:\nBacktrace:\n\tOrdinal0 [0x011FACD3+2075859]\n\tOrdinal0 [0x0118EE61+1633889]\n\tOrdinal0 [0x0108B7BD+571325]\n\tOrdinal0 [0x010BAC2F+764975]\n\tOrdinal0 [0x010BAE1B+765467]\n\tOrdinal0 [0x010ED0F2+970994]\n\tOrdinal0 [0x010D7364+881508]\n\tOrdinal0 [0x010EB56A+963946]\n\tOrdinal0 [0x010D7136+880950]\n\tOrdinal0 [0x010AFEFD+720637]\n\tOrdinal0 [0x010B0F3F+724799]\n\tGetHandleVerifier [0x014AEED2+2769538]\n\tGetHandleVerifier [0x014A0D95+2711877]\n\tGetHandleVerifier [0x0128A03A+521194]\n\tGetHandleVerifier [0x01288DA0+516432]\n\tOrdinal0 [0x0119682C+1665068]\n\tOrdinal0 [0x0119B128+1683752]\n\tOrdinal0 [0x0119B215+1683989]\n\tOrdinal0 [0x011A6484+1729668]\n\tBaseThreadInitThunk [0x75D2FA29+25]\n\tRtlGetAppContainerNamedObjectPath [0x777F7BBE+286]\n\tRtlGetAppContainerNamedObjectPath [0x777F7B8E+238]\n\n", "trace": "  File \"F:\\PycharmProjects\\TestProject\\venv\\lib\\site-packages\\allure_commons\\_allure.py\", line 172, in impl\n    return func(*a, **kw)\n  File \"F:\\PycharmProjects\\TestProject\\pages\\base_page.py\", line 19, in element_is_visible\n    self.go_to_element(self.element_is_present(locator))\n  File \"F:\\PycharmProjects\\TestProject\\venv\\lib\\site-packages\\allure_commons\\_allure.py\", line 172, in impl\n    return func(*a, **kw)\n  File \"F:\\PycharmProjects\\TestProject\\pages\\base_page.py\", line 28, in element_is_present\n    return wait(self.driver, timeout).until(EC.presence_of_element_located(locator))\n  File \"F:\\PycharmProjects\\TestProject\\venv\\lib\\site-packages\\selenium\\webdriver\\support\\wait.py\", line 89, in until\n    raise TimeoutException(message, screen, stacktrace)\n"}, "steps": [{"name": "Find a present element", "status": "broken", "statusDetails": {"message": "selenium.common.exceptions.TimeoutException: Message: \nStacktrace:\nBacktrace:\n\tOrdinal0 [0x011FACD3+2075859]\n\tOrdinal0 [0x0118EE61+1633889]\n\tOrdinal0 [0x0108B7BD+571325]\n\tOrdinal0 [0x010BAC2F+764975]\n\tOrdinal0 [0x010BAE1B+765467]\n\tOrdinal0 [0x010ED0F2+970994]\n\tOrdinal0 [0x010D7364+881508]\n\tOrdinal0 [0x010EB56A+963946]\n\tOrdinal0 [0x010D7136+880950]\n\tOrdinal0 [0x010AFEFD+720637]\n\tOrdinal0 [0x010B0F3F+724799]\n\tGetHandleVerifier [0x014AEED2+2769538]\n\tGetHandleVerifier [0x014A0D95+2711877]\n\tGetHandleVerifier [0x0128A03A+521194]\n\tGetHandleVerifier [0x01288DA0+516432]\n\tOrdinal0 [0x0119682C+1665068]\n\tOrdinal0 [0x0119B128+1683752]\n\tOrdinal0 [0x0119B215+1683989]\n\tOrdinal0 [0x011A6484+1729668]\n\tBaseThreadInitThunk [0x75D2FA29+25]\n\tRtlGetAppContainerNamedObjectPath [0x777F7BBE+286]\n\tRtlGetAppContainerNamedObjectPath [0x777F7B8E+238]\n\n", "trace": "  File \"F:\\PycharmProjects\\TestProject\\venv\\lib\\site-packages\\allure_commons\\_allure.py\", line 172, in impl\n    return func(*a, **kw)\n  File \"F:\\PycharmProjects\\TestProject\\pages\\base_page.py\", line 28, in element_is_present\n    return wait(self.driver, timeout).until(EC.presence_of_element_located(locator))\n  File \"F:\\PycharmProjects\\TestProject\\venv\\lib\\site-packages\\selenium\\webdriver\\support\\wait.py\", line 89, in until\n    raise TimeoutException(message, screen, stacktrace)\n"}, "parameters": [{"name": "locator", "value": "('css selector', 'button[id=\"visibleAfter\"]')"}, {"name": "timeout", "value": "5"}], "start": 1668000131798, "stop": 1668000136926}], "parameters": [{"name": "locator", "value": "('css selector', 'button[id=\"visibleAfter\"]')"}, {"name": "timeout", "value": "5"}], "start": 1668000131798, "stop": 1668000136926}], "start": 1668000131798, "stop": 1668000136926}], "attachments": [{"name": "log", "source": "0d3f69d6-e246-460f-af9c-7697de290ddf-attachment.txt", "type": "text/plain"}, {"name": "stderr", "source": "9bbb321a-c571-4d81-983d-98d91532c3df-attachment.txt", "type": "text/plain"}], "start": 1668000128579, "stop": 1668000136926, "uuid": "93f31a77-f46d-425c-b862-6b4f0985bf97", "historyId": "2bc75433f3563241344788b667580c34", "testCaseId": "05735c80f5b3622cc2ca450d0e6738d0", "fullName": "tests.elements_test.TestElements#test_appear_button", "labels": [{"name": "feature", "value": "Dynamic properties page"}, {"name": "suite", "value": "Elements"}, {"name": "parentSuite", "value": "tests"}, {"name": "subSuite", "value": "TestElements"}, {"name": "host", "value": "DESKTOP-VRBABFF"}, {"name": "thread", "value": "36796-MainThread"}, {"name": "framework", "value": "pytest"}, {"name": "language", "value": "cpython3"}, {"name": "package", "value": "tests.elements_test"}]}