{"uid":"b0b1a7dd8276bc64","name":"Check upload file","fullName":"tests.elements_test.TestElements#test_upload_file","historyId":"a3c5f029f736f20e782ba5ef73ee5e5c","time":{"start":1668686790508,"stop":1668686792258,"duration":1750},"status":"broken","statusMessage":"selenium.common.exceptions.WebDriverException: Message: unknown error: path is not absolute: C:\\Users\\Koil\\Desktop\\Новая папка\\filetest53.txt\n  (Session info: headless chrome=107.0.5304.87)\nStacktrace:\n#0 0x55e60d517463 <unknown>\n#1 0x55e60d2db8d8 <unknown>\n#2 0x55e60d2e5b4a <unknown>\n#3 0x55e60d3116ad <unknown>\n#4 0x55e60d33a622 <unknown>\n#5 0x55e60d30cba7 <unknown>\n#6 0x55e60d33a78e <unknown>\n#7 0x55e60d35330f <unknown>\n#8 0x55e60d33a443 <unknown>\n#9 0x55e60d30b3c5 <unknown>\n#10 0x55e60d30c531 <unknown>\n#11 0x55e60d569dce <unknown>\n#12 0x55e60d56d192 <unknown>\n#13 0x55e60d54e93e <unknown>\n#14 0x55e60d56e103 <unknown>\n#15 0x55e60d541d85 <unknown>\n#16 0x55e60d58f0a8 <unknown>\n#17 0x55e60d58f239 <unknown>\n#18 0x55e60d5aa492 <unknown>\n#19 0x7f6e2c392609 start_thread","statusTrace":"self = <elements_test.TestElements.TestUploadAndDownload object at 0x7f200e1bebf0>\ndriver = <selenium.webdriver.chrome.webdriver.WebDriver (session=\"c6cdf94030e44371e8c884443a851e4f\")>\n\n    @allure.title('Check upload file')\n    def test_upload_file(self, driver):\n        upload_download_page = UploadAndDownloadPage(driver, 'https://demoqa.com/upload-download')\n        upload_download_page.open()\n>       file_name, result = upload_download_page.upload_file()\n\ntests/elements_test.py:135: \n_ _ _ _ _ _ _ _ _ _ _ _ _ _ _ _ _ _ _ _ _ _ _ _ _ _ _ _ _ _ _ _ _ _ _ _ _ _ _ _ \npages/elements_page.py:229: in upload_file\n    self.element_is_present(self.locators.UPLOAD_FILE).send_keys(path)\n/opt/hostedtoolcache/Python/3.10.6/x64/lib/python3.10/site-packages/selenium/webdriver/remote/webelement.py:540: in send_keys\n    self._execute(Command.SEND_KEYS_TO_ELEMENT,\n/opt/hostedtoolcache/Python/3.10.6/x64/lib/python3.10/site-packages/selenium/webdriver/remote/webelement.py:710: in _execute\n    return self._parent.execute(command, params)\n/opt/hostedtoolcache/Python/3.10.6/x64/lib/python3.10/site-packages/selenium/webdriver/remote/webdriver.py:425: in execute\n    self.error_handler.check_response(response)\n_ _ _ _ _ _ _ _ _ _ _ _ _ _ _ _ _ _ _ _ _ _ _ _ _ _ _ _ _ _ _ _ _ _ _ _ _ _ _ _ \n\nself = <selenium.webdriver.remote.errorhandler.ErrorHandler object at 0x7f200e6607f0>\nresponse = {'status': 500, 'value': '{\"value\":{\"error\":\"unknown error\",\"message\":\"unknown error: path is not absolute: C:\\\\\\\\User...wn>\\\\n#17 0x55e60d58f239 \\\\u003Cunknown>\\\\n#18 0x55e60d5aa492 \\\\u003Cunknown>\\\\n#19 0x7f6e2c392609 start_thread\\\\n\"}}'}\n\n    def check_response(self, response: Dict[str, Any]) -> None:\n        \"\"\"\n        Checks that a JSON response from the WebDriver does not have an error.\n    \n        :Args:\n         - response - The JSON response from the WebDriver server as a dictionary\n           object.\n    \n        :Raises: If the response contains an error message.\n        \"\"\"\n        status = response.get('status', None)\n        if not status or status == ErrorCode.SUCCESS:\n            return\n        value = None\n        message = response.get(\"message\", \"\")\n        screen: str = response.get(\"screen\", \"\")\n        stacktrace = None\n        if isinstance(status, int):\n            value_json = response.get('value', None)\n            if value_json and isinstance(value_json, str):\n                import json\n                try:\n                    value = json.loads(value_json)\n                    if len(value.keys()) == 1:\n                        value = value['value']\n                    status = value.get('error', None)\n                    if not status:\n                        status = value.get(\"status\", ErrorCode.UNKNOWN_ERROR)\n                        message = value.get(\"value\") or value.get(\"message\")\n                        if not isinstance(message, str):\n                            value = message\n                            message = message.get('message')\n                    else:\n                        message = value.get('message', None)\n                except ValueError:\n                    pass\n    \n        exception_class: Type[WebDriverException]\n        if status in ErrorCode.NO_SUCH_ELEMENT:\n            exception_class = NoSuchElementException\n        elif status in ErrorCode.NO_SUCH_FRAME:\n            exception_class = NoSuchFrameException\n        elif status in ErrorCode.NO_SUCH_SHADOW_ROOT:\n            exception_class = NoSuchShadowRootException\n        elif status in ErrorCode.NO_SUCH_WINDOW:\n            exception_class = NoSuchWindowException\n        elif status in ErrorCode.STALE_ELEMENT_REFERENCE:\n            exception_class = StaleElementReferenceException\n        elif status in ErrorCode.ELEMENT_NOT_VISIBLE:\n            exception_class = ElementNotVisibleException\n        elif status in ErrorCode.INVALID_ELEMENT_STATE:\n            exception_class = InvalidElementStateException\n        elif status in ErrorCode.INVALID_SELECTOR \\\n                or status in ErrorCode.INVALID_XPATH_SELECTOR \\\n                or status in ErrorCode.INVALID_XPATH_SELECTOR_RETURN_TYPER:\n            exception_class = InvalidSelectorException\n        elif status in ErrorCode.ELEMENT_IS_NOT_SELECTABLE:\n            exception_class = ElementNotSelectableException\n        elif status in ErrorCode.ELEMENT_NOT_INTERACTABLE:\n            exception_class = ElementNotInteractableException\n        elif status in ErrorCode.INVALID_COOKIE_DOMAIN:\n            exception_class = InvalidCookieDomainException\n        elif status in ErrorCode.UNABLE_TO_SET_COOKIE:\n            exception_class = UnableToSetCookieException\n        elif status in ErrorCode.TIMEOUT:\n            exception_class = TimeoutException\n        elif status in ErrorCode.SCRIPT_TIMEOUT:\n            exception_class = TimeoutException\n        elif status in ErrorCode.UNKNOWN_ERROR:\n            exception_class = WebDriverException\n        elif status in ErrorCode.UNEXPECTED_ALERT_OPEN:\n            exception_class = UnexpectedAlertPresentException\n        elif status in ErrorCode.NO_ALERT_OPEN:\n            exception_class = NoAlertPresentException\n        elif status in ErrorCode.IME_NOT_AVAILABLE:\n            exception_class = ImeNotAvailableException\n        elif status in ErrorCode.IME_ENGINE_ACTIVATION_FAILED:\n            exception_class = ImeActivationFailedException\n        elif status in ErrorCode.MOVE_TARGET_OUT_OF_BOUNDS:\n            exception_class = MoveTargetOutOfBoundsException\n        elif status in ErrorCode.JAVASCRIPT_ERROR:\n            exception_class = JavascriptException\n        elif status in ErrorCode.SESSION_NOT_CREATED:\n            exception_class = SessionNotCreatedException\n        elif status in ErrorCode.INVALID_ARGUMENT:\n            exception_class = InvalidArgumentException\n        elif status in ErrorCode.NO_SUCH_COOKIE:\n            exception_class = NoSuchCookieException\n        elif status in ErrorCode.UNABLE_TO_CAPTURE_SCREEN:\n            exception_class = ScreenshotException\n        elif status in ErrorCode.ELEMENT_CLICK_INTERCEPTED:\n            exception_class = ElementClickInterceptedException\n        elif status in ErrorCode.INSECURE_CERTIFICATE:\n            exception_class = InsecureCertificateException\n        elif status in ErrorCode.INVALID_COORDINATES:\n            exception_class = InvalidCoordinatesException\n        elif status in ErrorCode.INVALID_SESSION_ID:\n            exception_class = InvalidSessionIdException\n        elif status in ErrorCode.UNKNOWN_METHOD:\n            exception_class = UnknownMethodException\n        else:\n            exception_class = WebDriverException\n        if not value:\n            value = response['value']\n        if isinstance(value, str):\n            raise exception_class(value)\n        if message == \"\" and 'message' in value:\n            message = value['message']\n    \n        screen = None  # type: ignore[assignment]\n        if 'screen' in value:\n            screen = value['screen']\n    \n        stacktrace = None\n        st_value = value.get('stackTrace') or value.get('stacktrace')\n        if st_value:\n            if isinstance(st_value, str):\n                stacktrace = st_value.split('\\n')\n            else:\n                stacktrace = []\n                try:\n                    for frame in st_value:\n                        line = self._value_or_default(frame, 'lineNumber', '')\n                        file = self._value_or_default(frame, 'fileName', '<anonymous>')\n                        if line:\n                            file = \"%s:%s\" % (file, line)\n                        meth = self._value_or_default(frame, 'methodName', '<anonymous>')\n                        if 'className' in frame:\n                            meth = \"%s.%s\" % (frame['className'], meth)\n                        msg = \"    at %s (%s)\"\n                        msg = msg % (meth, file)\n                        stacktrace.append(msg)\n                except TypeError:\n                    pass\n        if exception_class == UnexpectedAlertPresentException:\n            alert_text = None\n            if 'data' in value:\n                alert_text = value['data'].get('text')\n            elif 'alert' in value:\n                alert_text = value['alert'].get('text')\n            raise exception_class(message, screen, stacktrace, alert_text)  # type: ignore[call-arg]  # mypy is not smart enough here\n>       raise exception_class(message, screen, stacktrace)\nE       selenium.common.exceptions.WebDriverException: Message: unknown error: path is not absolute: C:\\Users\\Koil\\Desktop\\Новая папка\\filetest53.txt\nE         (Session info: headless chrome=107.0.5304.87)\nE       Stacktrace:\nE       #0 0x55e60d517463 <unknown>\nE       #1 0x55e60d2db8d8 <unknown>\nE       #2 0x55e60d2e5b4a <unknown>\nE       #3 0x55e60d3116ad <unknown>\nE       #4 0x55e60d33a622 <unknown>\nE       #5 0x55e60d30cba7 <unknown>\nE       #6 0x55e60d33a78e <unknown>\nE       #7 0x55e60d35330f <unknown>\nE       #8 0x55e60d33a443 <unknown>\nE       #9 0x55e60d30b3c5 <unknown>\nE       #10 0x55e60d30c531 <unknown>\nE       #11 0x55e60d569dce <unknown>\nE       #12 0x55e60d56d192 <unknown>\nE       #13 0x55e60d54e93e <unknown>\nE       #14 0x55e60d56e103 <unknown>\nE       #15 0x55e60d541d85 <unknown>\nE       #16 0x55e60d58f0a8 <unknown>\nE       #17 0x55e60d58f239 <unknown>\nE       #18 0x55e60d5aa492 <unknown>\nE       #19 0x7f6e2c392609 start_thread\n\n/opt/hostedtoolcache/Python/3.10.6/x64/lib/python3.10/site-packages/selenium/webdriver/remote/errorhandler.py:247: WebDriverException","flaky":false,"newFailed":false,"newBroken":false,"newPassed":false,"retriesCount":0,"retriesStatusChange":false,"beforeStages":[{"name":"_session_faker","time":{"start":1668686678461,"stop":1668686678482,"duration":21},"status":"passed","steps":[],"attachments":[],"parameters":[],"stepsCount":0,"attachmentsCount":0,"shouldDisplayMessage":false,"hasContent":false},{"name":"driver","time":{"start":1668686789665,"stop":1668686790507,"duration":842},"status":"passed","steps":[],"attachments":[],"parameters":[],"stepsCount":0,"attachmentsCount":0,"shouldDisplayMessage":false,"hasContent":false}],"testStage":{"status":"broken","statusMessage":"selenium.common.exceptions.WebDriverException: Message: unknown error: path is not absolute: C:\\Users\\Koil\\Desktop\\Новая папка\\filetest53.txt\n  (Session info: headless chrome=107.0.5304.87)\nStacktrace:\n#0 0x55e60d517463 <unknown>\n#1 0x55e60d2db8d8 <unknown>\n#2 0x55e60d2e5b4a <unknown>\n#3 0x55e60d3116ad <unknown>\n#4 0x55e60d33a622 <unknown>\n#5 0x55e60d30cba7 <unknown>\n#6 0x55e60d33a78e <unknown>\n#7 0x55e60d35330f <unknown>\n#8 0x55e60d33a443 <unknown>\n#9 0x55e60d30b3c5 <unknown>\n#10 0x55e60d30c531 <unknown>\n#11 0x55e60d569dce <unknown>\n#12 0x55e60d56d192 <unknown>\n#13 0x55e60d54e93e <unknown>\n#14 0x55e60d56e103 <unknown>\n#15 0x55e60d541d85 <unknown>\n#16 0x55e60d58f0a8 <unknown>\n#17 0x55e60d58f239 <unknown>\n#18 0x55e60d5aa492 <unknown>\n#19 0x7f6e2c392609 start_thread","statusTrace":"self = <elements_test.TestElements.TestUploadAndDownload object at 0x7f200e1bebf0>\ndriver = <selenium.webdriver.chrome.webdriver.WebDriver (session=\"c6cdf94030e44371e8c884443a851e4f\")>\n\n    @allure.title('Check upload file')\n    def test_upload_file(self, driver):\n        upload_download_page = UploadAndDownloadPage(driver, 'https://demoqa.com/upload-download')\n        upload_download_page.open()\n>       file_name, result = upload_download_page.upload_file()\n\ntests/elements_test.py:135: \n_ _ _ _ _ _ _ _ _ _ _ _ _ _ _ _ _ _ _ _ _ _ _ _ _ _ _ _ _ _ _ _ _ _ _ _ _ _ _ _ \npages/elements_page.py:229: in upload_file\n    self.element_is_present(self.locators.UPLOAD_FILE).send_keys(path)\n/opt/hostedtoolcache/Python/3.10.6/x64/lib/python3.10/site-packages/selenium/webdriver/remote/webelement.py:540: in send_keys\n    self._execute(Command.SEND_KEYS_TO_ELEMENT,\n/opt/hostedtoolcache/Python/3.10.6/x64/lib/python3.10/site-packages/selenium/webdriver/remote/webelement.py:710: in _execute\n    return self._parent.execute(command, params)\n/opt/hostedtoolcache/Python/3.10.6/x64/lib/python3.10/site-packages/selenium/webdriver/remote/webdriver.py:425: in execute\n    self.error_handler.check_response(response)\n_ _ _ _ _ _ _ _ _ _ _ _ _ _ _ _ _ _ _ _ _ _ _ _ _ _ _ _ _ _ _ _ _ _ _ _ _ _ _ _ \n\nself = <selenium.webdriver.remote.errorhandler.ErrorHandler object at 0x7f200e6607f0>\nresponse = {'status': 500, 'value': '{\"value\":{\"error\":\"unknown error\",\"message\":\"unknown error: path is not absolute: C:\\\\\\\\User...wn>\\\\n#17 0x55e60d58f239 \\\\u003Cunknown>\\\\n#18 0x55e60d5aa492 \\\\u003Cunknown>\\\\n#19 0x7f6e2c392609 start_thread\\\\n\"}}'}\n\n    def check_response(self, response: Dict[str, Any]) -> None:\n        \"\"\"\n        Checks that a JSON response from the WebDriver does not have an error.\n    \n        :Args:\n         - response - The JSON response from the WebDriver server as a dictionary\n           object.\n    \n        :Raises: If the response contains an error message.\n        \"\"\"\n        status = response.get('status', None)\n        if not status or status == ErrorCode.SUCCESS:\n            return\n        value = None\n        message = response.get(\"message\", \"\")\n        screen: str = response.get(\"screen\", \"\")\n        stacktrace = None\n        if isinstance(status, int):\n            value_json = response.get('value', None)\n            if value_json and isinstance(value_json, str):\n                import json\n                try:\n                    value = json.loads(value_json)\n                    if len(value.keys()) == 1:\n                        value = value['value']\n                    status = value.get('error', None)\n                    if not status:\n                        status = value.get(\"status\", ErrorCode.UNKNOWN_ERROR)\n                        message = value.get(\"value\") or value.get(\"message\")\n                        if not isinstance(message, str):\n                            value = message\n                            message = message.get('message')\n                    else:\n                        message = value.get('message', None)\n                except ValueError:\n                    pass\n    \n        exception_class: Type[WebDriverException]\n        if status in ErrorCode.NO_SUCH_ELEMENT:\n            exception_class = NoSuchElementException\n        elif status in ErrorCode.NO_SUCH_FRAME:\n            exception_class = NoSuchFrameException\n        elif status in ErrorCode.NO_SUCH_SHADOW_ROOT:\n            exception_class = NoSuchShadowRootException\n        elif status in ErrorCode.NO_SUCH_WINDOW:\n            exception_class = NoSuchWindowException\n        elif status in ErrorCode.STALE_ELEMENT_REFERENCE:\n            exception_class = StaleElementReferenceException\n        elif status in ErrorCode.ELEMENT_NOT_VISIBLE:\n            exception_class = ElementNotVisibleException\n        elif status in ErrorCode.INVALID_ELEMENT_STATE:\n            exception_class = InvalidElementStateException\n        elif status in ErrorCode.INVALID_SELECTOR \\\n                or status in ErrorCode.INVALID_XPATH_SELECTOR \\\n                or status in ErrorCode.INVALID_XPATH_SELECTOR_RETURN_TYPER:\n            exception_class = InvalidSelectorException\n        elif status in ErrorCode.ELEMENT_IS_NOT_SELECTABLE:\n            exception_class = ElementNotSelectableException\n        elif status in ErrorCode.ELEMENT_NOT_INTERACTABLE:\n            exception_class = ElementNotInteractableException\n        elif status in ErrorCode.INVALID_COOKIE_DOMAIN:\n            exception_class = InvalidCookieDomainException\n        elif status in ErrorCode.UNABLE_TO_SET_COOKIE:\n            exception_class = UnableToSetCookieException\n        elif status in ErrorCode.TIMEOUT:\n            exception_class = TimeoutException\n        elif status in ErrorCode.SCRIPT_TIMEOUT:\n            exception_class = TimeoutException\n        elif status in ErrorCode.UNKNOWN_ERROR:\n            exception_class = WebDriverException\n        elif status in ErrorCode.UNEXPECTED_ALERT_OPEN:\n            exception_class = UnexpectedAlertPresentException\n        elif status in ErrorCode.NO_ALERT_OPEN:\n            exception_class = NoAlertPresentException\n        elif status in ErrorCode.IME_NOT_AVAILABLE:\n            exception_class = ImeNotAvailableException\n        elif status in ErrorCode.IME_ENGINE_ACTIVATION_FAILED:\n            exception_class = ImeActivationFailedException\n        elif status in ErrorCode.MOVE_TARGET_OUT_OF_BOUNDS:\n            exception_class = MoveTargetOutOfBoundsException\n        elif status in ErrorCode.JAVASCRIPT_ERROR:\n            exception_class = JavascriptException\n        elif status in ErrorCode.SESSION_NOT_CREATED:\n            exception_class = SessionNotCreatedException\n        elif status in ErrorCode.INVALID_ARGUMENT:\n            exception_class = InvalidArgumentException\n        elif status in ErrorCode.NO_SUCH_COOKIE:\n            exception_class = NoSuchCookieException\n        elif status in ErrorCode.UNABLE_TO_CAPTURE_SCREEN:\n            exception_class = ScreenshotException\n        elif status in ErrorCode.ELEMENT_CLICK_INTERCEPTED:\n            exception_class = ElementClickInterceptedException\n        elif status in ErrorCode.INSECURE_CERTIFICATE:\n            exception_class = InsecureCertificateException\n        elif status in ErrorCode.INVALID_COORDINATES:\n            exception_class = InvalidCoordinatesException\n        elif status in ErrorCode.INVALID_SESSION_ID:\n            exception_class = InvalidSessionIdException\n        elif status in ErrorCode.UNKNOWN_METHOD:\n            exception_class = UnknownMethodException\n        else:\n            exception_class = WebDriverException\n        if not value:\n            value = response['value']\n        if isinstance(value, str):\n            raise exception_class(value)\n        if message == \"\" and 'message' in value:\n            message = value['message']\n    \n        screen = None  # type: ignore[assignment]\n        if 'screen' in value:\n            screen = value['screen']\n    \n        stacktrace = None\n        st_value = value.get('stackTrace') or value.get('stacktrace')\n        if st_value:\n            if isinstance(st_value, str):\n                stacktrace = st_value.split('\\n')\n            else:\n                stacktrace = []\n                try:\n                    for frame in st_value:\n                        line = self._value_or_default(frame, 'lineNumber', '')\n                        file = self._value_or_default(frame, 'fileName', '<anonymous>')\n                        if line:\n                            file = \"%s:%s\" % (file, line)\n                        meth = self._value_or_default(frame, 'methodName', '<anonymous>')\n                        if 'className' in frame:\n                            meth = \"%s.%s\" % (frame['className'], meth)\n                        msg = \"    at %s (%s)\"\n                        msg = msg % (meth, file)\n                        stacktrace.append(msg)\n                except TypeError:\n                    pass\n        if exception_class == UnexpectedAlertPresentException:\n            alert_text = None\n            if 'data' in value:\n                alert_text = value['data'].get('text')\n            elif 'alert' in value:\n                alert_text = value['alert'].get('text')\n            raise exception_class(message, screen, stacktrace, alert_text)  # type: ignore[call-arg]  # mypy is not smart enough here\n>       raise exception_class(message, screen, stacktrace)\nE       selenium.common.exceptions.WebDriverException: Message: unknown error: path is not absolute: C:\\Users\\Koil\\Desktop\\Новая папка\\filetest53.txt\nE         (Session info: headless chrome=107.0.5304.87)\nE       Stacktrace:\nE       #0 0x55e60d517463 <unknown>\nE       #1 0x55e60d2db8d8 <unknown>\nE       #2 0x55e60d2e5b4a <unknown>\nE       #3 0x55e60d3116ad <unknown>\nE       #4 0x55e60d33a622 <unknown>\nE       #5 0x55e60d30cba7 <unknown>\nE       #6 0x55e60d33a78e <unknown>\nE       #7 0x55e60d35330f <unknown>\nE       #8 0x55e60d33a443 <unknown>\nE       #9 0x55e60d30b3c5 <unknown>\nE       #10 0x55e60d30c531 <unknown>\nE       #11 0x55e60d569dce <unknown>\nE       #12 0x55e60d56d192 <unknown>\nE       #13 0x55e60d54e93e <unknown>\nE       #14 0x55e60d56e103 <unknown>\nE       #15 0x55e60d541d85 <unknown>\nE       #16 0x55e60d58f0a8 <unknown>\nE       #17 0x55e60d58f239 <unknown>\nE       #18 0x55e60d5aa492 <unknown>\nE       #19 0x7f6e2c392609 start_thread\n\n/opt/hostedtoolcache/Python/3.10.6/x64/lib/python3.10/site-packages/selenium/webdriver/remote/errorhandler.py:247: WebDriverException","steps":[{"name":"Open a browser","time":{"start":1668686790508,"stop":1668686792187,"duration":1679},"status":"passed","steps":[],"attachments":[],"parameters":[],"stepsCount":0,"attachmentsCount":0,"shouldDisplayMessage":false,"hasContent":false},{"name":"upload file","time":{"start":1668686792187,"stop":1668686792256,"duration":69},"status":"broken","statusMessage":"selenium.common.exceptions.WebDriverException: Message: unknown error: path is not absolute: C:\\Users\\Koil\\Desktop\\Новая папка\\filetest53.txt\n  (Session info: headless chrome=107.0.5304.87)\nStacktrace:\n#0 0x55e60d517463 <unknown>\n#1 0x55e60d2db8d8 <unknown>\n#2 0x55e60d2e5b4a <unknown>\n#3 0x55e60d3116ad <unknown>\n#4 0x55e60d33a622 <unknown>\n#5 0x55e60d30cba7 <unknown>\n#6 0x55e60d33a78e <unknown>\n#7 0x55e60d35330f <unknown>\n#8 0x55e60d33a443 <unknown>\n#9 0x55e60d30b3c5 <unknown>\n#10 0x55e60d30c531 <unknown>\n#11 0x55e60d569dce <unknown>\n#12 0x55e60d56d192 <unknown>\n#13 0x55e60d54e93e <unknown>\n#14 0x55e60d56e103 <unknown>\n#15 0x55e60d541d85 <unknown>\n#16 0x55e60d58f0a8 <unknown>\n#17 0x55e60d58f239 <unknown>\n#18 0x55e60d5aa492 <unknown>\n#19 0x7f6e2c392609 start_thread\n\n","statusTrace":"  File \"/opt/hostedtoolcache/Python/3.10.6/x64/lib/python3.10/site-packages/allure_commons/_allure.py\", line 172, in impl\n    return func(*a, **kw)\n  File \"/home/runner/work/TestProject/TestProject/pages/elements_page.py\", line 229, in upload_file\n    self.element_is_present(self.locators.UPLOAD_FILE).send_keys(path)\n  File \"/opt/hostedtoolcache/Python/3.10.6/x64/lib/python3.10/site-packages/selenium/webdriver/remote/webelement.py\", line 540, in send_keys\n    self._execute(Command.SEND_KEYS_TO_ELEMENT,\n  File \"/opt/hostedtoolcache/Python/3.10.6/x64/lib/python3.10/site-packages/selenium/webdriver/remote/webelement.py\", line 710, in _execute\n    return self._parent.execute(command, params)\n  File \"/opt/hostedtoolcache/Python/3.10.6/x64/lib/python3.10/site-packages/selenium/webdriver/remote/webdriver.py\", line 425, in execute\n    self.error_handler.check_response(response)\n  File \"/opt/hostedtoolcache/Python/3.10.6/x64/lib/python3.10/site-packages/selenium/webdriver/remote/errorhandler.py\", line 247, in check_response\n    raise exception_class(message, screen, stacktrace)\n","steps":[{"name":"Find a present element","time":{"start":1668686792187,"stop":1668686792214,"duration":27},"status":"passed","steps":[],"attachments":[],"parameters":[{"name":"locator","value":"('css selector', 'input[id=\"uploadFile\"]')"},{"name":"timeout","value":"10"}],"stepsCount":0,"attachmentsCount":0,"shouldDisplayMessage":false,"hasContent":true}],"attachments":[],"parameters":[],"stepsCount":1,"attachmentsCount":0,"shouldDisplayMessage":true,"hasContent":true}],"attachments":[{"uid":"80fc09b4987f226d","name":"log","source":"80fc09b4987f226d.txt","type":"text/plain","size":366}],"parameters":[],"stepsCount":3,"attachmentsCount":1,"shouldDisplayMessage":true,"hasContent":true},"afterStages":[{"name":"driver::0","time":{"start":1668686792409,"stop":1668686793812,"duration":1403},"status":"passed","steps":[],"attachments":[{"uid":"33cb99aaca1abb82","name":"Screenshot 2022-11-17 12:06:32.754223","source":"33cb99aaca1abb82.png","type":"image/png","size":277047}],"parameters":[],"stepsCount":0,"attachmentsCount":1,"shouldDisplayMessage":false,"hasContent":true}],"labels":[{"name":"feature","value":"Upload and Download page"},{"name":"suite","value":"Elements"},{"name":"parentSuite","value":"tests"},{"name":"subSuite","value":"TestElements"},{"name":"host","value":"fv-az137-986"},{"name":"thread","value":"2332-MainThread"},{"name":"framework","value":"pytest"},{"name":"language","value":"cpython3"},{"name":"package","value":"tests.elements_test"},{"name":"resultFormat","value":"allure2"}],"parameters":[],"links":[],"hidden":false,"retry":false,"extra":{"severity":"normal","retries":[],"categories":[{"name":"Test defects","matchedStatuses":[],"flaky":false}],"history":{"statistic":{"failed":0,"broken":2,"skipped":0,"passed":0,"unknown":0,"total":2},"items":[{"uid":"9f8c7209ffe931c","reportUrl":"https://pashashevchik.github.io/TestProject/1//#testresult/9f8c7209ffe931c","status":"broken","statusDetails":"selenium.common.exceptions.WebDriverException: Message: unknown error: Chrome failed to start: exited abnormally.\n  (unknown error: DevToolsActivePort file doesn't exist)\n  (The process started from chrome location /usr/bin/google-chrome is no longer running, so ChromeDriver is assuming that Chrome has crashed.)\nStacktrace:\n#0 0x55fac5032463 <unknown>\n#1 0x55fac4df68d8 <unknown>\n#2 0x55fac4e1eb6a <unknown>\n#3 0x55fac4e19c05 <unknown>\n#4 0x55fac4e5d802 <unknown>\n#5 0x55fac4e5d2af <unknown>\n#6 0x55fac4e55443 <unknown>\n#7 0x55fac4e263c5 <unknown>\n#8 0x55fac4e27531 <unknown>\n#9 0x55fac5084dce <unknown>\n#10 0x55fac5088192 <unknown>\n#11 0x55fac506993e <unknown>\n#12 0x55fac5089103 <unknown>\n#13 0x55fac505cd85 <unknown>\n#14 0x55fac50aa0a8 <unknown>\n#15 0x55fac50aa239 <unknown>\n#16 0x55fac50c5492 <unknown>\n#17 0x7fb348600609 start_thread","time":{"start":1668686617731,"stop":1668686617731,"duration":0}}]},"tags":[]},"source":"b0b1a7dd8276bc64.json","parameterValues":[]}